<?xml version="1.0" encoding="UTF-8"?>
<!-- Generated by org.testng.reporters.JUnitXMLReporter -->
<testsuite ignored="0" hostname="LAPTOP-FJTGI5L7" failures="0" tests="4" name="Default test" time="0.085" errors="0" timestamp="2020-12-27T14:54:22 EST">
  <testcase classname="Practice.SecuinceTestNg" name="@BeforeSuite beforeSuite" time="0.159">
    <failure type="java.lang.NullPointerException" message="Cannot invoke &amp;quot;com.aventstack.extentreports.ExtentTest.log(com.aventstack.extentreports.Status, String)&amp;quot; because &amp;quot;Utilities.TestListeners.test&amp;quot; is null">
      <![CDATA[java.lang.NullPointerException: Cannot invoke "com.aventstack.extentreports.ExtentTest.log(com.aventstack.extentreports.Status, String)" because "Utilities.TestListeners.test" is null
at Practice.SecuinceTestNg.beforeSuite(SecuinceTestNg.java:21)
at java.base/jdk.internal.reflect.NativeMethodAccessorImpl.invoke0(Native Method)
at java.base/jdk.internal.reflect.NativeMethodAccessorImpl.invoke(NativeMethodAccessorImpl.java:64)
at java.base/jdk.internal.reflect.DelegatingMethodAccessorImpl.invoke(DelegatingMethodAccessorImpl.java:43)
at java.base/java.lang.reflect.Method.invoke(Method.java:564)
at org.testng.internal.MethodInvocationHelper.invokeMethod(MethodInvocationHelper.java:132)
at org.testng.internal.MethodInvocationHelper.invokeMethodConsideringTimeout(MethodInvocationHelper.java:61)
at org.testng.internal.ConfigInvoker.invokeConfigurationMethod(ConfigInvoker.java:366)
at org.testng.internal.ConfigInvoker.invokeConfigurations(ConfigInvoker.java:320)
at org.testng.SuiteRunner.privateRun(SuiteRunner.java:327)
at org.testng.SuiteRunner.run(SuiteRunner.java:286)
at org.testng.SuiteRunnerWorker.runSuite(SuiteRunnerWorker.java:53)
at org.testng.SuiteRunnerWorker.run(SuiteRunnerWorker.java:96)
at org.testng.TestNG.runSuitesSequentially(TestNG.java:1218)
at org.testng.TestNG.runSuitesLocally(TestNG.java:1140)
at org.testng.TestNG.runSuites(TestNG.java:1069)
at org.testng.TestNG.run(TestNG.java:1037)
at org.testng.remote.AbstractRemoteTestNG.run(AbstractRemoteTestNG.java:115)
at org.testng.remote.RemoteTestNG.initAndRun(RemoteTestNG.java:251)
at org.testng.remote.RemoteTestNG.main(RemoteTestNG.java:77)
]]>
    </failure>
  </testcase> <!-- @BeforeSuite beforeSuite -->
  <testcase classname="Practice.SecuinceTestNg" name="@BeforeTest logIn" time="-1.609098862185E9">
    <skipped/>
  </testcase> <!-- @BeforeTest logIn -->
  <testcase classname="Practice.SecuinceTestNg" name="@BeforeClass bClass" time="-1.609098862202E9">
    <skipped/>
  </testcase> <!-- @BeforeClass bClass -->
  <testcase classname="Practice.SecuinceTestNg" name="@BeforeMethod beforMethod" time="-1.609098862218E9">
    <skipped/>
  </testcase> <!-- @BeforeMethod beforMethod -->
  <testcase classname="Practice.SecuinceTestNg" name="@AfterMethod afterMethod" time="-1.609098862227E9">
    <skipped/>
  </testcase> <!-- @AfterMethod afterMethod -->
  <testcase classname="Practice.SecuinceTestNg" name="@BeforeMethod beforMethod" time="-1.60909886223E9">
    <skipped/>
  </testcase> <!-- @BeforeMethod beforMethod -->
  <testcase classname="Practice.SecuinceTestNg" name="@AfterMethod afterMethod" time="-1.609098862235E9">
    <skipped/>
  </testcase> <!-- @AfterMethod afterMethod -->
  <testcase classname="Practice.SecuinceTestNg" name="@BeforeMethod beforMethod" time="-1.609098862237E9">
    <skipped/>
  </testcase> <!-- @BeforeMethod beforMethod -->
  <testcase classname="Practice.SecuinceTestNg" name="@AfterMethod afterMethod" time="-1.609098862248E9">
    <skipped/>
  </testcase> <!-- @AfterMethod afterMethod -->
  <testcase classname="Practice.SecuinceTestNg" name="@BeforeMethod beforMethod" time="-1.60909886225E9">
    <skipped/>
  </testcase> <!-- @BeforeMethod beforMethod -->
  <testcase classname="Practice.SecuinceTestNg" name="@AfterMethod afterMethod" time="-1.609098862258E9">
    <skipped/>
  </testcase> <!-- @AfterMethod afterMethod -->
  <testcase classname="Practice.SecuinceTestNg" name="@AfterClass aclass" time="-1.609098862262E9">
    <skipped/>
  </testcase> <!-- @AfterClass aclass -->
  <testcase classname="Practice.SecuinceTestNg" name="@AfterTest closeBrowser" time="-1.609098862266E9">
    <skipped/>
  </testcase> <!-- @AfterTest closeBrowser -->
  <testcase classname="Practice.SecuinceTestNg" name="Testc" time="0.0">
    <skipped/>
  </testcase> <!-- Testc -->
  <testcase classname="Practice.SecuinceTestNg" name="postIphone" time="0.0">
    <skipped/>
  </testcase> <!-- postIphone -->
  <testcase classname="Practice.SecuinceTestNg" name="postIphone2" time="0.0">
    <skipped/>
  </testcase> <!-- postIphone2 -->
  <testcase classname="Practice.SecuinceTestNg" name="postIphone3" time="0.0">
    <skipped/>
  </testcase> <!-- postIphone3 -->
</testsuite> <!-- Default test -->
