<?xml version="1.0" encoding="UTF-8"?>
<!-- Generated by org.testng.reporters.JUnitXMLReporter -->
<testsuite ignored="0" hostname="LAPTOP-FJTGI5L7" failures="0" tests="4" name="Test" time="20.547" errors="0" timestamp="2021-01-04T21:16:29 EST">
  <testcase classname="Practice.CrigList" name="Testc" time="0.003"/>
  <testcase classname="Practice.CrigList" name="Testc1" time="0.002"/>
  <testcase classname="Practice.CrigList" name="postIphone" time="0.006"/>
  <testcase classname="Practice.CrigList" name="postIphone1" time="0.002"/>
</testsuite> <!-- Test -->
