<?xml version="1.0" encoding="UTF-8"?>
<!-- Generated by org.testng.reporters.JUnitXMLReporter -->
<testsuite ignored="0" hostname="LAPTOP-FJTGI5L7" failures="0" tests="4" name="Test" time="116.026" errors="0" timestamp="2021-01-02T21:01:25 EST">
  <testcase classname="CrigList.PostList" name="PostData" time="11.1"/>
  <testcase classname="CrigList.PostList" name="PostData" time="12.137"/>
  <testcase classname="CrigList.PostList" name="PostData" time="7.595"/>
  <testcase classname="CrigList.PostList" name="PostData" time="10.337"/>
</testsuite> <!-- Test -->
