<?xml version="1.0" encoding="UTF-8"?>
<testng-results ignored="0" total="2" passed="2" failed="0" skipped="0">
  <reporter-output>
  </reporter-output>
  <suite started-at="2021-01-16T21:10:44 EST" name="Default suite" finished-at="2021-01-16T21:10:44 EST" duration-ms="42">
    <groups>
    </groups>
    <test started-at="2021-01-16T21:10:44 EST" name="Default test" finished-at="2021-01-16T21:10:44 EST" duration-ms="42">
      <class name="Practice.SecuinceTestNg">
        <test-method is-config="true" signature="beforSuite()[pri:0, instance:Practice.SecuinceTestNg@302fec27]" started-at="2021-01-16T21:10:44 EST" name="beforSuite" finished-at="2021-01-16T21:10:44 EST" duration-ms="11" status="PASS">
          <reporter-output>
          </reporter-output>
        </test-method> <!-- beforSuite -->
        <test-method is-config="true" signature="beforTest()[pri:0, instance:Practice.SecuinceTestNg@302fec27]" started-at="2021-01-16T21:10:44 EST" name="beforTest" finished-at="2021-01-16T21:10:44 EST" duration-ms="0" status="PASS">
          <reporter-output>
          </reporter-output>
        </test-method> <!-- beforTest -->
        <test-method is-config="true" signature="beforClass()[pri:0, instance:Practice.SecuinceTestNg@302fec27]" started-at="2021-01-16T21:10:44 EST" name="beforClass" finished-at="2021-01-16T21:10:44 EST" duration-ms="1" status="PASS">
          <reporter-output>
          </reporter-output>
        </test-method> <!-- beforClass -->
        <test-method is-config="true" signature="beforMethod()[pri:0, instance:Practice.SecuinceTestNg@302fec27]" started-at="2021-01-16T21:10:44 EST" name="beforMethod" finished-at="2021-01-16T21:10:44 EST" duration-ms="1" status="PASS">
          <reporter-output>
          </reporter-output>
        </test-method> <!-- beforMethod -->
        <test-method signature="Test()[pri:0, instance:Practice.SecuinceTestNg@302fec27]" started-at="2021-01-16T21:10:44 EST" name="Test" finished-at="2021-01-16T21:10:44 EST" duration-ms="5" status="PASS">
          <reporter-output>
          </reporter-output>
        </test-method> <!-- Test -->
        <test-method is-config="true" signature="afterMethod()[pri:0, instance:Practice.SecuinceTestNg@302fec27]" started-at="2021-01-16T21:10:44 EST" name="afterMethod" finished-at="2021-01-16T21:10:44 EST" duration-ms="0" status="PASS">
          <reporter-output>
          </reporter-output>
        </test-method> <!-- afterMethod -->
        <test-method signature="Testc()[pri:0, instance:Practice.SecuinceTestNg@302fec27]" started-at="2021-01-16T21:10:44 EST" name="Testc" finished-at="2021-01-16T21:10:44 EST" duration-ms="2" status="PASS">
          <reporter-output>
          </reporter-output>
        </test-method> <!-- Testc -->
        <test-method is-config="true" signature="beforMethod()[pri:0, instance:Practice.SecuinceTestNg@302fec27]" started-at="2021-01-16T21:10:44 EST" name="beforMethod" finished-at="2021-01-16T21:10:44 EST" duration-ms="0" status="PASS">
          <reporter-output>
          </reporter-output>
        </test-method> <!-- beforMethod -->
        <test-method is-config="true" signature="afterMethod()[pri:0, instance:Practice.SecuinceTestNg@302fec27]" started-at="2021-01-16T21:10:44 EST" name="afterMethod" finished-at="2021-01-16T21:10:44 EST" duration-ms="0" status="PASS">
          <reporter-output>
          </reporter-output>
        </test-method> <!-- afterMethod -->
        <test-method is-config="true" signature="AfterClass()[pri:0, instance:Practice.SecuinceTestNg@302fec27]" started-at="2021-01-16T21:10:44 EST" name="AfterClass" finished-at="2021-01-16T21:10:44 EST" duration-ms="0" status="PASS">
          <reporter-output>
          </reporter-output>
        </test-method> <!-- AfterClass -->
        <test-method is-config="true" signature="AfterTest()[pri:0, instance:Practice.SecuinceTestNg@302fec27]" started-at="2021-01-16T21:10:44 EST" name="AfterTest" finished-at="2021-01-16T21:10:44 EST" duration-ms="0" status="PASS">
          <reporter-output>
          </reporter-output>
        </test-method> <!-- AfterTest -->
        <test-method is-config="true" signature="AfterSuite()[pri:0, instance:Practice.SecuinceTestNg@302fec27]" started-at="2021-01-16T21:10:44 EST" name="AfterSuite" finished-at="2021-01-16T21:10:44 EST" duration-ms="1" status="PASS">
          <reporter-output>
          </reporter-output>
        </test-method> <!-- AfterSuite -->
      </class> <!-- Practice.SecuinceTestNg -->
    </test> <!-- Default test -->
  </suite> <!-- Default suite -->
</testng-results>
