<?xml version="1.0" encoding="UTF-8"?>
<testng-results ignored="0" total="4" passed="4" failed="0" skipped="0">
  <reporter-output>
    <line>
      <![CDATA[**************************************** initilize Driver MEthod Started ******************************************]]>
    </line>
    <line>
      <![CDATA[******************************************Url Open Strated******************************************]]>
    </line>
  </reporter-output>
  <suite started-at="2021-01-04T21:17:16 EST" name="Default suite" finished-at="2021-01-04T21:17:22 EST" duration-ms="5840">
    <groups>
    </groups>
    <test started-at="2021-01-04T21:17:16 EST" name="Default test" finished-at="2021-01-04T21:17:22 EST" duration-ms="5840">
      <class name="Practice.CrigList">
        <test-method is-config="true" signature="setUp()[pri:0, instance:Practice.CrigList@5ae81e1]" started-at="2021-01-04T21:17:16 EST" name="setUp" finished-at="2021-01-04T21:17:22 EST" duration-ms="5775" status="PASS">
          <reporter-output>
            <line>
              <![CDATA[**************************************** initilize Driver MEthod Started ******************************************]]>
            </line>
            <line>
              <![CDATA[******************************************Url Open Strated******************************************]]>
            </line>
          </reporter-output>
        </test-method> <!-- setUp -->
        <test-method signature="Testc()[pri:0, instance:Practice.CrigList@5ae81e1]" started-at="2021-01-04T21:17:22 EST" name="Testc" finished-at="2021-01-04T21:17:22 EST" duration-ms="7" status="PASS">
          <reporter-output>
          </reporter-output>
        </test-method> <!-- Testc -->
        <test-method signature="Testc1()[pri:0, instance:Practice.CrigList@5ae81e1]" started-at="2021-01-04T21:17:22 EST" name="Testc1" finished-at="2021-01-04T21:17:22 EST" duration-ms="3" status="PASS">
          <reporter-output>
          </reporter-output>
        </test-method> <!-- Testc1 -->
        <test-method signature="postIphone()[pri:0, instance:Practice.CrigList@5ae81e1]" started-at="2021-01-04T21:17:22 EST" name="postIphone" finished-at="2021-01-04T21:17:22 EST" duration-ms="2" status="PASS">
          <reporter-output>
          </reporter-output>
        </test-method> <!-- postIphone -->
        <test-method signature="postIphone1()[pri:0, instance:Practice.CrigList@5ae81e1]" started-at="2021-01-04T21:17:22 EST" name="postIphone1" finished-at="2021-01-04T21:17:22 EST" duration-ms="1" status="PASS">
          <reporter-output>
          </reporter-output>
        </test-method> <!-- postIphone1 -->
        <test-method is-config="true" signature="tearDown()[pri:0, instance:Practice.CrigList@5ae81e1]" started-at="2021-01-04T21:17:22 EST" name="tearDown" finished-at="2021-01-04T21:17:22 EST" duration-ms="0" status="PASS">
          <reporter-output>
          </reporter-output>
        </test-method> <!-- tearDown -->
      </class> <!-- Practice.CrigList -->
    </test> <!-- Default test -->
  </suite> <!-- Default suite -->
</testng-results>
